0 info it worked if it ends with ok
1 verbose cli [ '/usr/bin/node', '/usr/bin/npm', 'install', '-g', 'live-server' ]
2 info using npm@1.4.28
3 info using node@v0.10.40
4 verbose node symlink /usr/bin/node
5 verbose cache add [ 'live-server', null ]
6 verbose cache add name=undefined spec="live-server" args=["live-server",null]
7 verbose parsed url { protocol: null,
7 verbose parsed url   slashes: null,
7 verbose parsed url   auth: null,
7 verbose parsed url   host: null,
7 verbose parsed url   port: null,
7 verbose parsed url   hostname: null,
7 verbose parsed url   hash: null,
7 verbose parsed url   search: null,
7 verbose parsed url   query: null,
7 verbose parsed url   pathname: 'live-server',
7 verbose parsed url   path: 'live-server',
7 verbose parsed url   href: 'live-server' }
8 silly lockFile 9528180e-live-server live-server
9 verbose lock live-server /home/phuoc/.npm/9528180e-live-server.lock
10 silly lockFile 9528180e-live-server live-server
11 silly lockFile 9528180e-live-server live-server
12 verbose addNamed [ 'live-server', '' ]
13 verbose addNamed [ null, '*' ]
14 silly lockFile 180ee697-live-server live-server@
15 verbose lock live-server@ /home/phuoc/.npm/180ee697-live-server.lock
16 silly addNameRange { name: 'live-server', range: '*', hasData: false }
17 verbose request where is /live-server
18 verbose request registry https://registry.npmjs.org/
19 verbose request id 45608afcd642c25d
20 verbose url raw /live-server
21 verbose url resolving [ 'https://registry.npmjs.org/', './live-server' ]
22 verbose url resolved https://registry.npmjs.org/live-server
23 verbose request where is https://registry.npmjs.org/live-server
24 info trying registry request attempt 1 at 11:35:12
25 verbose etag "6V8ZO9JZSIC18RAA5226FDW41"
26 http GET https://registry.npmjs.org/live-server
27 http 200 https://registry.npmjs.org/live-server
28 silly registry.get cb [ 200,
28 silly registry.get   { server: 'CouchDB/1.5.0 (Erlang OTP/R16B03)',
28 silly registry.get     etag: '"LF383QHBPE1F19EOGWN755WM"',
28 silly registry.get     'content-type': 'application/json',
28 silly registry.get     'cache-control': 'max-age=60',
28 silly registry.get     'content-length': '23597',
28 silly registry.get     'accept-ranges': 'bytes',
28 silly registry.get     date: 'Tue, 15 Sep 2015 04:35:16 GMT',
28 silly registry.get     via: '1.1 varnish',
28 silly registry.get     age: '0',
28 silly registry.get     connection: 'keep-alive',
28 silly registry.get     'x-served-by': 'cache-hkg6824-HKG',
28 silly registry.get     'x-cache': 'MISS',
28 silly registry.get     'x-cache-hits': '0',
28 silly registry.get     'x-timer': 'S1442291716.423299,VS0,VE494',
28 silly registry.get     vary: 'Accept' } ]
29 silly addNameRange number 2 { name: 'live-server', range: '*', hasData: true }
30 silly addNameRange versions [ 'live-server',
30 silly addNameRange   [ '0.1.0',
30 silly addNameRange     '0.1.1',
30 silly addNameRange     '0.2.0',
30 silly addNameRange     '0.3.0',
30 silly addNameRange     '0.4.0',
30 silly addNameRange     '0.5.0',
30 silly addNameRange     '0.6.0',
30 silly addNameRange     '0.6.1',
30 silly addNameRange     '0.6.2',
30 silly addNameRange     '0.6.3',
30 silly addNameRange     '0.6.4',
30 silly addNameRange     '0.7.0',
30 silly addNameRange     '0.7.1',
30 silly addNameRange     '0.8.0',
30 silly addNameRange     '0.8.1' ] ]
31 verbose addNamed [ 'live-server', '0.8.1' ]
32 verbose addNamed [ '0.8.1', '0.8.1' ]
33 silly lockFile 02f12d31-live-server-0-8-1 live-server@0.8.1
34 verbose lock live-server@0.8.1 /home/phuoc/.npm/02f12d31-live-server-0-8-1.lock
35 silly lockFile 02f12d31-live-server-0-8-1 live-server@0.8.1
36 silly lockFile 02f12d31-live-server-0-8-1 live-server@0.8.1
37 silly lockFile 180ee697-live-server live-server@
38 silly lockFile 180ee697-live-server live-server@
39 silly resolved [ { name: 'live-server',
39 silly resolved     version: '0.8.1',
39 silly resolved     description: 'simple development http server with live reload capability',
39 silly resolved     keywords: [ 'front-end', 'development', 'tool', 'server', 'http', 'cli' ],
39 silly resolved     author: { name: 'Tapio Vierros' },
39 silly resolved     dependencies:
39 silly resolved      { connect: '2.x.x',
39 silly resolved        send: 'latest',
39 silly resolved        colors: 'latest',
39 silly resolved        open: 'latest',
39 silly resolved        watchr: '2.3.x',
39 silly resolved        'faye-websocket': '0.9.x',
39 silly resolved        'event-stream': 'latest' },
39 silly resolved     scripts: { test: 'jshint *.js' },
39 silly resolved     bin: { 'live-server': './live-server.js' },
39 silly resolved     repository: { type: 'git', url: 'https://github.com/tapio/live-server.git' },
39 silly resolved     engines: { node: '>=0.8.0' },
39 silly resolved     preferGlobal: true,
39 silly resolved     license: 'MIT',
39 silly resolved     gitHead: '5f3ecc0752873cdd7358f8ca79884ae2f5d4a924',
39 silly resolved     bugs: { url: 'https://github.com/tapio/live-server/issues' },
39 silly resolved     _id: 'live-server@0.8.1',
39 silly resolved     _shasum: '221e0a0f58656b38993e3b536b060065dce47b3f',
39 silly resolved     _from: 'live-server@',
39 silly resolved     _npmVersion: '1.4.21',
39 silly resolved     _npmUser: { name: 'tapio', email: 'tapiovierros@gmail.com' },
39 silly resolved     maintainers: [ [Object] ],
39 silly resolved     dist:
39 silly resolved      { shasum: '221e0a0f58656b38993e3b536b060065dce47b3f',
39 silly resolved        tarball: 'http://registry.npmjs.org/live-server/-/live-server-0.8.1.tgz' },
39 silly resolved     directories: {},
39 silly resolved     _resolved: 'https://registry.npmjs.org/live-server/-/live-server-0.8.1.tgz',
39 silly resolved     readme: 'ERROR: No README data found!',
39 silly resolved     homepage: 'https://github.com/tapio/live-server' } ]
40 info install live-server@0.8.1 into /usr/lib
41 info installOne live-server@0.8.1
42 verbose lib/node_modules/live-server unbuild
43 verbose tar unpack /home/phuoc/.npm/live-server/0.8.1/package.tgz
44 silly lockFile e9427885-usr-lib-node-modules-live-server tar:///usr/lib/node_modules/live-server
45 verbose lock tar:///usr/lib/node_modules/live-server /home/phuoc/.npm/e9427885-usr-lib-node-modules-live-server.lock
46 silly lockFile 2e29db30-pm-live-server-0-8-1-package-tgz tar:///home/phuoc/.npm/live-server/0.8.1/package.tgz
47 verbose lock tar:///home/phuoc/.npm/live-server/0.8.1/package.tgz /home/phuoc/.npm/2e29db30-pm-live-server-0-8-1-package-tgz.lock
48 silly gunzTarPerm modes [ '775', '664' ]
49 error Error: EACCES, mkdir '/usr/lib/node_modules/live-server'
49 error  { [Error: EACCES, mkdir '/usr/lib/node_modules/live-server']
49 error   errno: 3,
49 error   code: 'EACCES',
49 error   path: '/usr/lib/node_modules/live-server',
49 error   fstream_type: 'Directory',
49 error   fstream_path: '/usr/lib/node_modules/live-server',
49 error   fstream_class: 'DirWriter',
49 error   fstream_stack:
49 error    [ '/usr/lib/node_modules/npm/node_modules/fstream/lib/dir-writer.js:36:23',
49 error      '/usr/lib/node_modules/npm/node_modules/mkdirp/index.js:46:53',
49 error      'Object.oncomplete (fs.js:108:15)' ] }
50 error Please try running this command again as root/Administrator.
51 error System Linux 3.16.0-44-generic
52 error command "/usr/bin/node" "/usr/bin/npm" "install" "-g" "live-server"
53 error cwd /home/phuoc/Projects/nodejs/httlgiadinh
54 error node -v v0.10.40
55 error npm -v 1.4.28
56 error path /usr/lib/node_modules/live-server
57 error fstream_path /usr/lib/node_modules/live-server
58 error fstream_type Directory
59 error fstream_class DirWriter
60 error code EACCES
61 error errno 3
62 error stack Error: EACCES, mkdir '/usr/lib/node_modules/live-server'
63 error fstream_stack /usr/lib/node_modules/npm/node_modules/fstream/lib/dir-writer.js:36:23
63 error fstream_stack /usr/lib/node_modules/npm/node_modules/mkdirp/index.js:46:53
63 error fstream_stack Object.oncomplete (fs.js:108:15)
64 verbose exit [ 3, true ]
